<?xml version="1.0" encoding="UTF-8"?>
<testsuite xmlns:xsi="http://www.w3.org/2001/XMLSchema-instance" xsi:noNamespaceSchemaLocation="https://maven.apache.org/surefire/maven-surefire-plugin/xsd/surefire-test-report.xsd" version="3.0.2" name="com.example.trello.TrelloApiTests" time="7.874" tests="5" errors="0" skipped="0" failures="0">
  <properties>
[...]
</properties>
  <testcase name="createBoard" classname="com.example.trello.TrelloApiTests" time="2.547">
    <system-out><![CDATA[2025-02-15 22:15:58 [main] INFO  com.example.trello.TrelloApiTests - A board is created. Board ID: 67b0e7edc3cd1cf90ce03a54 and Testinium
]]></system-out>
  </testcase>
  <testcase name="createCards" classname="com.example.trello.TrelloApiTests" time="1.382">
    <system-out><![CDATA[2025-02-15 22:15:58 [main] INFO  com.example.trello.TrelloApiTests - A card is created. Card ID: 67b0e7eeb63aa7d0f0a31371 and First Card
2025-02-15 22:15:59 [main] INFO  com.example.trello.TrelloApiTests - A card is created. Card ID: 67b0e7efeb2ca3f4da0d9d81 and Second Card
]]></system-out>
  </testcase>
  <testcase name="updateRandomCard" classname="com.example.trello.TrelloApiTests" time="0.3">
    <system-out><![CDATA[2025-02-15 22:15:59 [main] INFO  com.example.trello.TrelloApiTests - 67b0e7eeb63aa7d0f0a31371is updated and its new name is Updated Random Card
]]></system-out>
  </testcase>
  <testcase name="deleteCards" classname="com.example.trello.TrelloApiTests" time="1.408">
    <system-out><![CDATA[2025-02-15 22:16:00 [main] INFO  com.example.trello.TrelloApiTests - The card id: 67b0e7eeb63aa7d0f0a31371 is deleted
2025-02-15 22:16:01 [main] INFO  com.example.trello.TrelloApiTests - The card id: 67b0e7efeb2ca3f4da0d9d81 is deleted
]]></system-out>
  </testcase>
  <testcase name="deleteBoard" classname="com.example.trello.TrelloApiTests" time="1.746">
    <system-out><![CDATA[2025-02-15 22:16:02 [main] INFO  com.example.trello.TrelloApiTests - Board is deleted
]]></system-out>
  </testcase>
</testsuite>